
Gurobi 7.0.2 (mac64, Python) logging started Mon Jun 12 17:15:01 2017

Optimize a model with 11 rows, 7 columns and 13 nonzeros
Variable types: 0 continuous, 7 integer (0 binary)
Coefficient statistics:
  Matrix range     [1e+00, 1e+00]
  Objective range  [1e+01, 2e+01]
  Bounds range     [0e+00, 0e+00]
  RHS range        [5e+00, 8e+01]
Found heuristic solution: objective 4460
Presolve removed 11 rows and 7 columns
Presolve time: 0.01s
Presolve: All rows and columns removed

Explored 0 nodes (0 simplex iterations) in 0.02 seconds
Thread count was 1 (of 2 available processors)

Solution count 1: 4460 
Pool objective bound 4460

Optimal solution found (tolerance 1.00e-04)
Best objective 4.460000000000e+03, best bound 4.460000000000e+03, gap 0.0000%

Gurobi 7.0.2 (mac64, Python) logging started Mon Jun 12 17:16:28 2017

Optimize a model with 11 rows, 7 columns and 13 nonzeros
Variable types: 0 continuous, 7 integer (0 binary)
Coefficient statistics:
  Matrix range     [1e+00, 1e+00]
  Objective range  [1e+01, 2e+01]
  Bounds range     [0e+00, 0e+00]
  RHS range        [5e+00, 8e+01]
Found heuristic solution: objective 4460
Presolve removed 11 rows and 7 columns
Presolve time: 0.00s
Presolve: All rows and columns removed

Explored 0 nodes (0 simplex iterations) in 0.00 seconds
Thread count was 1 (of 2 available processors)

Solution count 1: 4460 
Pool objective bound 4460

Optimal solution found (tolerance 1.00e-04)
Best objective 4.460000000000e+03, best bound 4.460000000000e+03, gap 0.0000%

Gurobi 7.0.2 (mac64, Python) logging started Mon Jun 12 17:16:47 2017

Optimize a model with 11 rows, 7 columns and 13 nonzeros
Variable types: 0 continuous, 7 integer (0 binary)
Coefficient statistics:
  Matrix range     [1e+00, 1e+00]
  Objective range  [1e+01, 2e+01]
  Bounds range     [0e+00, 0e+00]
  RHS range        [5e+00, 8e+01]
Found heuristic solution: objective 4460
Presolve removed 11 rows and 7 columns
Presolve time: 0.00s
Presolve: All rows and columns removed

Explored 0 nodes (0 simplex iterations) in 0.00 seconds
Thread count was 1 (of 2 available processors)

Solution count 1: 4460 
Pool objective bound 4460

Optimal solution found (tolerance 1.00e-04)
Best objective 4.460000000000e+03, best bound 4.460000000000e+03, gap 0.0000%

Gurobi 7.0.2 (mac64, Python) logging started Mon Jun 12 17:20:47 2017


Gurobi 7.0.2 (mac64, Python) logging started Mon Jun 12 17:21:01 2017

Optimize a model with 14 rows, 7 columns and 25 nonzeros
Variable types: 0 continuous, 7 integer (0 binary)
Coefficient statistics:
  Matrix range     [1e+00, 6e+00]
  Objective range  [1e+01, 2e+01]
  Bounds range     [0e+00, 0e+00]
  RHS range        [5e+00, 2e+02]
Found heuristic solution: objective 282
Presolve removed 14 rows and 7 columns
Presolve time: 0.00s
Presolve: All rows and columns removed

Explored 0 nodes (0 simplex iterations) in 0.00 seconds
Thread count was 1 (of 2 available processors)

Solution count 1: 880 
Pool objective bound 880

Optimal solution found (tolerance 1.00e-04)
Best objective 8.800000000000e+02, best bound 8.800000000000e+02, gap 0.0000%

Gurobi 7.0.2 (mac64, Python) logging started Mon Jun 12 17:22:19 2017

Optimize a model with 14 rows, 7 columns and 28 nonzeros
Variable types: 0 continuous, 7 integer (0 binary)
Coefficient statistics:
  Matrix range     [1e+00, 8e+00]
  Objective range  [1e+01, 2e+01]
  Bounds range     [0e+00, 0e+00]
  RHS range        [5e+00, 2e+02]
Found heuristic solution: objective 282
Presolve removed 14 rows and 7 columns
Presolve time: 0.00s
Presolve: All rows and columns removed

Explored 0 nodes (0 simplex iterations) in 0.00 seconds
Thread count was 1 (of 2 available processors)

Solution count 1: 880 
Pool objective bound 880

Optimal solution found (tolerance 1.00e-04)
Best objective 8.800000000000e+02, best bound 8.800000000000e+02, gap 0.0000%

Gurobi 7.0.2 (mac64, Python) logging started Mon Jun 12 17:23:34 2017

Optimize a model with 14 rows, 7 columns and 28 nonzeros
Variable types: 0 continuous, 7 integer (0 binary)
Coefficient statistics:
  Matrix range     [1e+00, 8e+00]
  Objective range  [1e+01, 2e+01]
  Bounds range     [0e+00, 0e+00]
  RHS range        [5e+00, 2e+02]
Found heuristic solution: objective 304
Presolve removed 14 rows and 7 columns
Presolve time: 0.00s
Presolve: All rows and columns removed

Explored 0 nodes (0 simplex iterations) in 0.00 seconds
Thread count was 1 (of 2 available processors)

Solution count 1: 1760 
Pool objective bound 1760

Optimal solution found (tolerance 1.00e-04)
Best objective 1.760000000000e+03, best bound 1.760000000000e+03, gap 0.0000%

Gurobi 7.0.2 (mac64, Python) logging started Mon Jun 12 17:24:22 2017

Optimize a model with 13 rows, 7 columns and 25 nonzeros
Variable types: 0 continuous, 7 integer (0 binary)
Coefficient statistics:
  Matrix range     [1e+00, 8e+00]
  Objective range  [1e+01, 2e+01]
  Bounds range     [0e+00, 0e+00]
  RHS range        [5e+00, 2e+02]
Found heuristic solution: objective 304
Presolve removed 12 rows and 4 columns
Presolve time: 0.00s
Presolved: 1 rows, 3 columns, 3 nonzeros
Variable types: 0 continuous, 3 integer (0 binary)

Root relaxation: objective 1.989000e+03, 1 iterations, 0.00 seconds

    Nodes    |    Current Node    |     Objective Bounds      |     Work
 Expl Unexpl |  Obj  Depth IntInf | Incumbent    BestBd   Gap | It/Node Time

*    0     0               0    1989.0000000 1989.00000  0.00%     -    0s

Explored 0 nodes (1 simplex iterations) in 0.01 seconds
Thread count was 2 (of 2 available processors)

Solution count 2: 1989 304 
Pool objective bound 1989

Optimal solution found (tolerance 1.00e-04)
Best objective 1.989000000000e+03, best bound 1.989000000000e+03, gap 0.0000%

Gurobi 7.0.2 (mac64, Python) logging started Mon Jun 12 17:25:06 2017

Optimize a model with 13 rows, 7 columns and 25 nonzeros
Variable types: 0 continuous, 7 integer (0 binary)
Coefficient statistics:
  Matrix range     [1e+00, 8e+00]
  Objective range  [1e+01, 2e+01]
  Bounds range     [0e+00, 0e+00]
  RHS range        [5e+00, 2e+02]
Found heuristic solution: objective 304
Presolve removed 13 rows and 7 columns
Presolve time: 0.00s
Presolve: All rows and columns removed

Explored 0 nodes (0 simplex iterations) in 0.00 seconds
Thread count was 1 (of 2 available processors)

Solution count 1: 1760 
Pool objective bound 1760

Optimal solution found (tolerance 1.00e-04)
Best objective 1.760000000000e+03, best bound 1.760000000000e+03, gap 0.0000%

Gurobi 7.0.2 (mac64, Python) logging started Mon Jun 12 17:25:13 2017

Optimize a model with 13 rows, 7 columns and 25 nonzeros
Variable types: 0 continuous, 7 integer (0 binary)
Coefficient statistics:
  Matrix range     [1e+00, 8e+00]
  Objective range  [1e+01, 2e+01]
  Bounds range     [0e+00, 0e+00]
  RHS range        [5e+00, 2e+02]
Found heuristic solution: objective 304
Presolve removed 13 rows and 7 columns
Presolve time: 0.00s
Presolve: All rows and columns removed

Explored 0 nodes (0 simplex iterations) in 0.00 seconds
Thread count was 1 (of 2 available processors)

Solution count 1: 1760 
Pool objective bound 1760

Optimal solution found (tolerance 1.00e-04)
Best objective 1.760000000000e+03, best bound 1.760000000000e+03, gap 0.0000%

Gurobi 7.0.2 (mac64, Python) logging started Mon Jun 12 17:25:25 2017

Optimize a model with 13 rows, 7 columns and 25 nonzeros
Variable types: 0 continuous, 7 integer (0 binary)
Coefficient statistics:
  Matrix range     [1e+00, 8e+00]
  Objective range  [1e+01, 2e+01]
  Bounds range     [0e+00, 0e+00]
  RHS range        [5e+00, 2e+02]
Found heuristic solution: objective 304
Presolve removed 13 rows and 7 columns
Presolve time: 0.00s
Presolve: All rows and columns removed

Explored 0 nodes (0 simplex iterations) in 0.00 seconds
Thread count was 1 (of 2 available processors)

Solution count 1: 1760 
Pool objective bound 1760

Optimal solution found (tolerance 1.00e-04)
Best objective 1.760000000000e+03, best bound 1.760000000000e+03, gap 0.0000%

Gurobi 7.0.2 (mac64, Python) logging started Mon Jun 12 17:25:47 2017

Optimize a model with 13 rows, 7 columns and 25 nonzeros
Variable types: 0 continuous, 7 integer (0 binary)
Coefficient statistics:
  Matrix range     [1e+00, 8e+00]
  Objective range  [1e+01, 2e+01]
  Bounds range     [0e+00, 0e+00]
  RHS range        [5e+00, 2e+02]
Found heuristic solution: objective 304
Presolve removed 12 rows and 4 columns
Presolve time: 0.00s
Presolved: 1 rows, 3 columns, 3 nonzeros
Variable types: 0 continuous, 3 integer (0 binary)

Root relaxation: objective 1.989000e+03, 1 iterations, 0.00 seconds

    Nodes    |    Current Node    |     Objective Bounds      |     Work
 Expl Unexpl |  Obj  Depth IntInf | Incumbent    BestBd   Gap | It/Node Time

*    0     0               0    1989.0000000 1989.00000  0.00%     -    0s

Explored 0 nodes (1 simplex iterations) in 0.00 seconds
Thread count was 2 (of 2 available processors)

Solution count 2: 1989 304 
Pool objective bound 1989

Optimal solution found (tolerance 1.00e-04)
Best objective 1.989000000000e+03, best bound 1.989000000000e+03, gap 0.0000%

Gurobi 7.0.2 (mac64, Python) logging started Mon Jun 12 17:27:41 2017

Optimize a model with 14 rows, 7 columns and 28 nonzeros
Variable types: 0 continuous, 7 integer (0 binary)
Coefficient statistics:
  Matrix range     [1e+00, 8e+00]
  Objective range  [1e+01, 2e+01]
  Bounds range     [0e+00, 0e+00]
  RHS range        [5e+00, 8e+01]
Found heuristic solution: objective 304
Presolve removed 14 rows and 7 columns
Presolve time: 0.00s
Presolve: All rows and columns removed

Explored 0 nodes (0 simplex iterations) in 0.00 seconds
Thread count was 1 (of 2 available processors)

Solution count 1: 1760 
Pool objective bound 1760

Optimal solution found (tolerance 1.00e-04)
Best objective 1.760000000000e+03, best bound 1.760000000000e+03, gap 0.0000%

Gurobi 7.0.2 (mac64, Python) logging started Mon Jun 12 17:31:01 2017

Optimize a model with 14 rows, 7 columns and 28 nonzeros
Variable types: 0 continuous, 7 integer (0 binary)
Coefficient statistics:
  Matrix range     [1e+00, 8e+00]
  Objective range  [1e+01, 2e+01]
  Bounds range     [0e+00, 0e+00]
  RHS range        [5e+00, 2e+02]
Found heuristic solution: objective 304
Presolve removed 13 rows and 4 columns
Presolve time: 0.00s
Presolved: 1 rows, 3 columns, 3 nonzeros
Variable types: 0 continuous, 3 integer (0 binary)

Root relaxation: objective 1.989000e+03, 1 iterations, 0.00 seconds

    Nodes    |    Current Node    |     Objective Bounds      |     Work
 Expl Unexpl |  Obj  Depth IntInf | Incumbent    BestBd   Gap | It/Node Time

*    0     0               0    1989.0000000 1989.00000  0.00%     -    0s

Explored 0 nodes (1 simplex iterations) in 0.00 seconds
Thread count was 2 (of 2 available processors)

Solution count 2: 1989 304 
Pool objective bound 1989

Optimal solution found (tolerance 1.00e-04)
Best objective 1.989000000000e+03, best bound 1.989000000000e+03, gap 0.0000%

Gurobi 7.0.2 (mac64, Python) logging started Mon Jun 12 17:32:16 2017

Optimize a model with 14 rows, 7 columns and 28 nonzeros
Variable types: 0 continuous, 7 integer (0 binary)
Coefficient statistics:
  Matrix range     [1e+00, 8e+00]
  Objective range  [1e+01, 2e+01]
  Bounds range     [0e+00, 0e+00]
  RHS range        [5e+00, 2e+02]
Found heuristic solution: objective 304
Presolve removed 13 rows and 4 columns
Presolve time: 0.00s
Presolved: 1 rows, 3 columns, 3 nonzeros
Variable types: 0 continuous, 3 integer (0 binary)

Root relaxation: objective 1.989000e+03, 1 iterations, 0.00 seconds

    Nodes    |    Current Node    |     Objective Bounds      |     Work
 Expl Unexpl |  Obj  Depth IntInf | Incumbent    BestBd   Gap | It/Node Time

*    0     0               0    1989.0000000 1989.00000  0.00%     -    0s

Explored 0 nodes (1 simplex iterations) in 0.00 seconds
Thread count was 2 (of 2 available processors)

Solution count 2: 1989 304 
Pool objective bound 1989

Optimal solution found (tolerance 1.00e-04)
Best objective 1.989000000000e+03, best bound 1.989000000000e+03, gap 0.0000%

Gurobi 7.0.2 (mac64, Python) logging started Mon Jun 12 17:32:27 2017

Optimize a model with 14 rows, 7 columns and 28 nonzeros
Variable types: 0 continuous, 7 integer (0 binary)
Coefficient statistics:
  Matrix range     [1e+00, 8e+00]
  Objective range  [1e+01, 2e+01]
  Bounds range     [0e+00, 0e+00]
  RHS range        [5e+00, 2e+02]
Found heuristic solution: objective 304
Presolve removed 13 rows and 4 columns
Presolve time: 0.00s
Presolved: 1 rows, 3 columns, 3 nonzeros
Variable types: 0 continuous, 3 integer (0 binary)

Root relaxation: objective 1.989000e+03, 1 iterations, 0.00 seconds

    Nodes    |    Current Node    |     Objective Bounds      |     Work
 Expl Unexpl |  Obj  Depth IntInf | Incumbent    BestBd   Gap | It/Node Time

*    0     0               0    1989.0000000 1989.00000  0.00%     -    0s

Explored 0 nodes (1 simplex iterations) in 0.00 seconds
Thread count was 2 (of 2 available processors)

Solution count 2: 1989 304 
Pool objective bound 1989

Optimal solution found (tolerance 1.00e-04)
Best objective 1.989000000000e+03, best bound 1.989000000000e+03, gap 0.0000%

Gurobi 7.0.2 (mac64, Python) logging started Mon Jun 12 17:57:54 2017


Gurobi 7.0.2 (mac64, Python) logging started Mon Jun 12 17:58:11 2017

Optimize a model with 5 rows, 6 columns and 23 nonzeros
Variable types: 0 continuous, 6 integer (0 binary)
Coefficient statistics:
  Matrix range     [1e+00, 7e+02]
  Objective range  [2e+02, 1e+03]
  Bounds range     [0e+00, 0e+00]
  RHS range        [1e+00, 2e+03]
Found heuristic solution: objective 2000
Presolve removed 0 rows and 1 columns
Presolve time: 0.01s
Presolved: 5 rows, 5 columns, 20 nonzeros
Variable types: 0 continuous, 5 integer (3 binary)

Root relaxation: objective 2.496667e+03, 3 iterations, 0.00 seconds

    Nodes    |    Current Node    |     Objective Bounds      |     Work
 Expl Unexpl |  Obj  Depth IntInf | Incumbent    BestBd   Gap | It/Node Time

     0     0 2496.66667    0    3 2000.00000 2496.66667  24.8%     -    0s
H    0     0                    2250.0000000 2496.66667  11.0%     -    0s
     0     0 2333.33333    0    2 2250.00000 2333.33333  3.70%     -    0s
     0     0     cutoff    0      2250.00000 2299.99775  2.22%     -    0s

Cutting planes:
  MIR: 1
  Mod-K: 1

Explored 0 nodes (6 simplex iterations) in 0.03 seconds
Thread count was 2 (of 2 available processors)

Solution count 2: 2250 2000 
Pool objective bound 2250

Optimal solution found (tolerance 1.00e-04)
Best objective 2.250000000000e+03, best bound 2.250000000000e+03, gap 0.0000%

Gurobi 7.0.2 (mac64, Python) logging started Mon Jun 12 17:58:32 2017

Optimize a model with 5 rows, 6 columns and 23 nonzeros
Variable types: 0 continuous, 6 integer (0 binary)
Coefficient statistics:
  Matrix range     [1e+00, 7e+02]
  Objective range  [2e+02, 1e+03]
  Bounds range     [0e+00, 0e+00]
  RHS range        [1e+00, 2e+03]
Found heuristic solution: objective 2000
Presolve removed 0 rows and 1 columns
Presolve time: 0.00s
Presolved: 5 rows, 5 columns, 20 nonzeros
Variable types: 0 continuous, 5 integer (3 binary)

Root relaxation: objective 2.496667e+03, 3 iterations, 0.00 seconds

    Nodes    |    Current Node    |     Objective Bounds      |     Work
 Expl Unexpl |  Obj  Depth IntInf | Incumbent    BestBd   Gap | It/Node Time

     0     0 2496.66667    0    3 2000.00000 2496.66667  24.8%     -    0s
H    0     0                    2250.0000000 2496.66667  11.0%     -    0s
     0     0 2333.33333    0    2 2250.00000 2333.33333  3.70%     -    0s
     0     0     cutoff    0      2250.00000 2299.99775  2.22%     -    0s

Cutting planes:
  MIR: 1
  Mod-K: 1

Explored 0 nodes (6 simplex iterations) in 0.00 seconds
Thread count was 2 (of 2 available processors)

Solution count 2: 2250 2000 
Pool objective bound 2250

Optimal solution found (tolerance 1.00e-04)
Best objective 2.250000000000e+03, best bound 2.250000000000e+03, gap 0.0000%

Gurobi 7.0.2 (mac64, Python) logging started Mon Jun 12 17:58:39 2017

Optimize a model with 5 rows, 6 columns and 23 nonzeros
Variable types: 0 continuous, 6 integer (0 binary)
Coefficient statistics:
  Matrix range     [1e+00, 7e+02]
  Objective range  [2e+02, 1e+03]
  Bounds range     [0e+00, 0e+00]
  RHS range        [1e+00, 2e+03]
Found heuristic solution: objective 2000
Presolve removed 0 rows and 1 columns
Presolve time: 0.00s
Presolved: 5 rows, 5 columns, 20 nonzeros
Variable types: 0 continuous, 5 integer (3 binary)

Root relaxation: objective 2.496667e+03, 3 iterations, 0.00 seconds

    Nodes    |    Current Node    |     Objective Bounds      |     Work
 Expl Unexpl |  Obj  Depth IntInf | Incumbent    BestBd   Gap | It/Node Time

     0     0 2496.66667    0    3 2000.00000 2496.66667  24.8%     -    0s
H    0     0                    2250.0000000 2496.66667  11.0%     -    0s
     0     0 2333.33333    0    2 2250.00000 2333.33333  3.70%     -    0s
     0     0     cutoff    0      2250.00000 2299.99775  2.22%     -    0s

Cutting planes:
  MIR: 1
  Mod-K: 1

Explored 0 nodes (6 simplex iterations) in 0.00 seconds
Thread count was 2 (of 2 available processors)

Solution count 2: 2250 2000 
Pool objective bound 2250

Optimal solution found (tolerance 1.00e-04)
Best objective 2.250000000000e+03, best bound 2.250000000000e+03, gap 0.0000%

Gurobi 7.0.2 (mac64, Python) logging started Mon Jun 12 17:58:43 2017

Optimize a model with 5 rows, 6 columns and 23 nonzeros
Variable types: 0 continuous, 6 integer (0 binary)
Coefficient statistics:
  Matrix range     [1e+00, 7e+02]
  Objective range  [2e+02, 1e+03]
  Bounds range     [0e+00, 0e+00]
  RHS range        [1e+00, 2e+03]
Found heuristic solution: objective 2000
Presolve removed 0 rows and 1 columns
Presolve time: 0.00s
Presolved: 5 rows, 5 columns, 20 nonzeros
Variable types: 0 continuous, 5 integer (3 binary)

Root relaxation: objective 2.496667e+03, 3 iterations, 0.00 seconds

    Nodes    |    Current Node    |     Objective Bounds      |     Work
 Expl Unexpl |  Obj  Depth IntInf | Incumbent    BestBd   Gap | It/Node Time

     0     0 2496.66667    0    3 2000.00000 2496.66667  24.8%     -    0s
H    0     0                    2250.0000000 2496.66667  11.0%     -    0s
     0     0 2333.33333    0    2 2250.00000 2333.33333  3.70%     -    0s
     0     0     cutoff    0      2250.00000 2299.99775  2.22%     -    0s

Cutting planes:
  MIR: 1
  Mod-K: 1

Explored 0 nodes (6 simplex iterations) in 0.00 seconds
Thread count was 2 (of 2 available processors)

Solution count 2: 2250 2000 
Pool objective bound 2250

Optimal solution found (tolerance 1.00e-04)
Best objective 2.250000000000e+03, best bound 2.250000000000e+03, gap 0.0000%

Gurobi 7.0.2 (mac64, Python) logging started Mon Jun 12 17:58:58 2017

Optimize a model with 5 rows, 6 columns and 23 nonzeros
Variable types: 0 continuous, 6 integer (0 binary)
Coefficient statistics:
  Matrix range     [1e+00, 7e+02]
  Objective range  [2e+02, 1e+03]
  Bounds range     [0e+00, 0e+00]
  RHS range        [1e+00, 2e+03]
Found heuristic solution: objective 2000
Presolve removed 0 rows and 1 columns
Presolve time: 0.00s
Presolved: 5 rows, 5 columns, 20 nonzeros
Variable types: 0 continuous, 5 integer (3 binary)

Root relaxation: objective 2.496667e+03, 3 iterations, 0.00 seconds

    Nodes    |    Current Node    |     Objective Bounds      |     Work
 Expl Unexpl |  Obj  Depth IntInf | Incumbent    BestBd   Gap | It/Node Time

     0     0 2496.66667    0    3 2000.00000 2496.66667  24.8%     -    0s
H    0     0                    2250.0000000 2496.66667  11.0%     -    0s
     0     0 2333.33333    0    2 2250.00000 2333.33333  3.70%     -    0s
     0     0     cutoff    0      2250.00000 2299.99775  2.22%     -    0s

Cutting planes:
  MIR: 1
  Mod-K: 1

Explored 0 nodes (6 simplex iterations) in 0.00 seconds
Thread count was 2 (of 2 available processors)

Solution count 2: 2250 2000 
Pool objective bound 2250

Optimal solution found (tolerance 1.00e-04)
Best objective 2.250000000000e+03, best bound 2.250000000000e+03, gap 0.0000%

Gurobi 7.0.2 (mac64, Python) logging started Mon Jun 12 17:59:05 2017

Optimize a model with 5 rows, 6 columns and 23 nonzeros
Variable types: 0 continuous, 6 integer (0 binary)
Coefficient statistics:
  Matrix range     [1e+00, 7e+02]
  Objective range  [2e+02, 1e+03]
  Bounds range     [0e+00, 0e+00]
  RHS range        [1e+00, 2e+03]
Found heuristic solution: objective 2000
Presolve removed 0 rows and 1 columns
Presolve time: 0.00s
Presolved: 5 rows, 5 columns, 20 nonzeros
Variable types: 0 continuous, 5 integer (3 binary)

Root relaxation: objective 2.496667e+03, 3 iterations, 0.00 seconds

    Nodes    |    Current Node    |     Objective Bounds      |     Work
 Expl Unexpl |  Obj  Depth IntInf | Incumbent    BestBd   Gap | It/Node Time

     0     0 2496.66667    0    3 2000.00000 2496.66667  24.8%     -    0s
H    0     0                    2250.0000000 2496.66667  11.0%     -    0s
     0     0 2333.33333    0    2 2250.00000 2333.33333  3.70%     -    0s
     0     0     cutoff    0      2250.00000 2299.99775  2.22%     -    0s

Cutting planes:
  MIR: 1
  Mod-K: 1

Explored 0 nodes (6 simplex iterations) in 0.00 seconds
Thread count was 2 (of 2 available processors)

Solution count 2: 2250 2000 
Pool objective bound 2250

Optimal solution found (tolerance 1.00e-04)
Best objective 2.250000000000e+03, best bound 2.250000000000e+03, gap 0.0000%

Gurobi 7.0.2 (mac64, Python) logging started Mon Jun 12 17:59:09 2017

Optimize a model with 5 rows, 6 columns and 23 nonzeros
Variable types: 0 continuous, 6 integer (0 binary)
Coefficient statistics:
  Matrix range     [1e+00, 7e+02]
  Objective range  [2e+02, 1e+03]
  Bounds range     [0e+00, 0e+00]
  RHS range        [1e+00, 2e+03]
Found heuristic solution: objective 2000
Presolve removed 0 rows and 1 columns
Presolve time: 0.00s
Presolved: 5 rows, 5 columns, 20 nonzeros
Variable types: 0 continuous, 5 integer (3 binary)

Root relaxation: objective 2.496667e+03, 3 iterations, 0.00 seconds

    Nodes    |    Current Node    |     Objective Bounds      |     Work
 Expl Unexpl |  Obj  Depth IntInf | Incumbent    BestBd   Gap | It/Node Time

     0     0 2496.66667    0    3 2000.00000 2496.66667  24.8%     -    0s
H    0     0                    2250.0000000 2496.66667  11.0%     -    0s
     0     0 2333.33333    0    2 2250.00000 2333.33333  3.70%     -    0s
     0     0     cutoff    0      2250.00000 2299.99775  2.22%     -    0s

Cutting planes:
  MIR: 1
  Mod-K: 1

Explored 0 nodes (6 simplex iterations) in 0.00 seconds
Thread count was 2 (of 2 available processors)

Solution count 2: 2250 2000 
Pool objective bound 2250

Optimal solution found (tolerance 1.00e-04)
Best objective 2.250000000000e+03, best bound 2.250000000000e+03, gap 0.0000%

Gurobi 7.0.2 (mac64, Python) logging started Mon Jun 12 17:59:57 2017

Optimize a model with 5 rows, 6 columns and 23 nonzeros
Variable types: 0 continuous, 6 integer (0 binary)
Coefficient statistics:
  Matrix range     [1e+00, 7e+02]
  Objective range  [2e+02, 1e+03]
  Bounds range     [0e+00, 0e+00]
  RHS range        [1e+00, 2e+03]
Found heuristic solution: objective 2000
Presolve removed 0 rows and 1 columns
Presolve time: 0.00s
Presolved: 5 rows, 5 columns, 20 nonzeros
Variable types: 0 continuous, 5 integer (3 binary)

Root relaxation: objective 2.496667e+03, 3 iterations, 0.00 seconds

    Nodes    |    Current Node    |     Objective Bounds      |     Work
 Expl Unexpl |  Obj  Depth IntInf | Incumbent    BestBd   Gap | It/Node Time

     0     0 2496.66667    0    3 2000.00000 2496.66667  24.8%     -    0s
H    0     0                    2250.0000000 2496.66667  11.0%     -    0s
     0     0 2333.33333    0    2 2250.00000 2333.33333  3.70%     -    0s
     0     0     cutoff    0      2250.00000 2299.99775  2.22%     -    0s

Cutting planes:
  MIR: 1
  Mod-K: 1

Explored 0 nodes (6 simplex iterations) in 0.00 seconds
Thread count was 2 (of 2 available processors)

Solution count 2: 2250 2000 
Pool objective bound 2250

Optimal solution found (tolerance 1.00e-04)
Best objective 2.250000000000e+03, best bound 2.250000000000e+03, gap 0.0000%

Gurobi 7.0.2 (mac64, Python) logging started Mon Jun 12 18:00:05 2017

Optimize a model with 5 rows, 6 columns and 23 nonzeros
Variable types: 0 continuous, 6 integer (0 binary)
Coefficient statistics:
  Matrix range     [1e+00, 7e+02]
  Objective range  [2e+02, 1e+03]
  Bounds range     [0e+00, 0e+00]
  RHS range        [1e+00, 2e+03]
Found heuristic solution: objective 2000
Presolve removed 0 rows and 1 columns
Presolve time: 0.00s
Presolved: 5 rows, 5 columns, 20 nonzeros
Variable types: 0 continuous, 5 integer (3 binary)

Root relaxation: objective 2.496667e+03, 3 iterations, 0.00 seconds

    Nodes    |    Current Node    |     Objective Bounds      |     Work
 Expl Unexpl |  Obj  Depth IntInf | Incumbent    BestBd   Gap | It/Node Time

     0     0 2496.66667    0    3 2000.00000 2496.66667  24.8%     -    0s
H    0     0                    2250.0000000 2496.66667  11.0%     -    0s
     0     0 2333.33333    0    2 2250.00000 2333.33333  3.70%     -    0s
     0     0     cutoff    0      2250.00000 2299.99775  2.22%     -    0s

Cutting planes:
  MIR: 1
  Mod-K: 1

Explored 0 nodes (6 simplex iterations) in 0.00 seconds
Thread count was 2 (of 2 available processors)

Solution count 2: 2250 2000 
Pool objective bound 2250

Optimal solution found (tolerance 1.00e-04)
Best objective 2.250000000000e+03, best bound 2.250000000000e+03, gap 0.0000%

Gurobi 7.0.2 (mac64, Python) logging started Mon Jun 12 18:00:26 2017

Optimize a model with 5 rows, 6 columns and 23 nonzeros
Variable types: 0 continuous, 6 integer (0 binary)
Coefficient statistics:
  Matrix range     [1e+00, 7e+02]
  Objective range  [2e+02, 1e+03]
  Bounds range     [0e+00, 0e+00]
  RHS range        [1e+00, 2e+03]
Found heuristic solution: objective 2000
Presolve removed 0 rows and 1 columns
Presolve time: 0.00s
Presolved: 5 rows, 5 columns, 20 nonzeros
Variable types: 0 continuous, 5 integer (3 binary)

Root relaxation: objective 2.496667e+03, 3 iterations, 0.00 seconds

    Nodes    |    Current Node    |     Objective Bounds      |     Work
 Expl Unexpl |  Obj  Depth IntInf | Incumbent    BestBd   Gap | It/Node Time

     0     0 2496.66667    0    3 2000.00000 2496.66667  24.8%     -    0s
H    0     0                    2250.0000000 2496.66667  11.0%     -    0s
     0     0 2333.33333    0    2 2250.00000 2333.33333  3.70%     -    0s
     0     0     cutoff    0      2250.00000 2299.99775  2.22%     -    0s

Cutting planes:
  MIR: 1
  Mod-K: 1

Explored 0 nodes (6 simplex iterations) in 0.00 seconds
Thread count was 2 (of 2 available processors)

Solution count 2: 2250 2000 
Pool objective bound 2250

Optimal solution found (tolerance 1.00e-04)
Best objective 2.250000000000e+03, best bound 2.250000000000e+03, gap 0.0000%

Gurobi 7.0.2 (mac64, Python) logging started Mon Jun 12 18:00:30 2017

Optimize a model with 5 rows, 6 columns and 23 nonzeros
Variable types: 0 continuous, 6 integer (0 binary)
Coefficient statistics:
  Matrix range     [1e+00, 7e+02]
  Objective range  [2e+02, 1e+03]
  Bounds range     [0e+00, 0e+00]
  RHS range        [1e+00, 2e+03]
Found heuristic solution: objective 2000
Presolve removed 0 rows and 1 columns
Presolve time: 0.00s
Presolved: 5 rows, 5 columns, 20 nonzeros
Variable types: 0 continuous, 5 integer (3 binary)

Root relaxation: objective 2.496667e+03, 3 iterations, 0.00 seconds

    Nodes    |    Current Node    |     Objective Bounds      |     Work
 Expl Unexpl |  Obj  Depth IntInf | Incumbent    BestBd   Gap | It/Node Time

     0     0 2496.66667    0    3 2000.00000 2496.66667  24.8%     -    0s
H    0     0                    2250.0000000 2496.66667  11.0%     -    0s
     0     0 2333.33333    0    2 2250.00000 2333.33333  3.70%     -    0s
     0     0     cutoff    0      2250.00000 2299.99775  2.22%     -    0s

Cutting planes:
  MIR: 1
  Mod-K: 1

Explored 0 nodes (6 simplex iterations) in 0.00 seconds
Thread count was 2 (of 2 available processors)

Solution count 2: 2250 2000 
Pool objective bound 2250

Optimal solution found (tolerance 1.00e-04)
Best objective 2.250000000000e+03, best bound 2.250000000000e+03, gap 0.0000%

Gurobi 7.0.2 (mac64, Python) logging started Mon Jun 12 18:00:37 2017

Optimize a model with 5 rows, 6 columns and 23 nonzeros
Variable types: 0 continuous, 6 integer (0 binary)
Coefficient statistics:
  Matrix range     [1e+00, 7e+02]
  Objective range  [2e+02, 1e+03]
  Bounds range     [0e+00, 0e+00]
  RHS range        [1e+00, 2e+03]
Found heuristic solution: objective 2000
Presolve removed 0 rows and 1 columns
Presolve time: 0.00s
Presolved: 5 rows, 5 columns, 20 nonzeros
Variable types: 0 continuous, 5 integer (3 binary)

Root relaxation: objective 2.496667e+03, 3 iterations, 0.00 seconds

    Nodes    |    Current Node    |     Objective Bounds      |     Work
 Expl Unexpl |  Obj  Depth IntInf | Incumbent    BestBd   Gap | It/Node Time

     0     0 2496.66667    0    3 2000.00000 2496.66667  24.8%     -    0s
H    0     0                    2250.0000000 2496.66667  11.0%     -    0s
     0     0 2333.33333    0    2 2250.00000 2333.33333  3.70%     -    0s
     0     0     cutoff    0      2250.00000 2299.99775  2.22%     -    0s

Cutting planes:
  MIR: 1
  Mod-K: 1

Explored 0 nodes (6 simplex iterations) in 0.00 seconds
Thread count was 2 (of 2 available processors)

Solution count 2: 2250 2000 
Pool objective bound 2250

Optimal solution found (tolerance 1.00e-04)
Best objective 2.250000000000e+03, best bound 2.250000000000e+03, gap 0.0000%

Gurobi 7.0.2 (mac64, Python) logging started Mon Jun 12 18:01:01 2017

Optimize a model with 5 rows, 6 columns and 23 nonzeros
Variable types: 0 continuous, 6 integer (0 binary)
Coefficient statistics:
  Matrix range     [1e+00, 7e+02]
  Objective range  [2e+02, 1e+03]
  Bounds range     [0e+00, 0e+00]
  RHS range        [1e+00, 2e+03]
Found heuristic solution: objective 2000
Presolve removed 0 rows and 1 columns
Presolve time: 0.00s
Presolved: 5 rows, 5 columns, 20 nonzeros
Variable types: 0 continuous, 5 integer (3 binary)

Root relaxation: objective 2.496667e+03, 3 iterations, 0.00 seconds

    Nodes    |    Current Node    |     Objective Bounds      |     Work
 Expl Unexpl |  Obj  Depth IntInf | Incumbent    BestBd   Gap | It/Node Time

     0     0 2496.66667    0    3 2000.00000 2496.66667  24.8%     -    0s
H    0     0                    2250.0000000 2496.66667  11.0%     -    0s
     0     0 2333.33333    0    2 2250.00000 2333.33333  3.70%     -    0s
     0     0     cutoff    0      2250.00000 2299.99775  2.22%     -    0s

Cutting planes:
  MIR: 1
  Mod-K: 1

Explored 0 nodes (6 simplex iterations) in 0.00 seconds
Thread count was 2 (of 2 available processors)

Solution count 2: 2250 2000 
Pool objective bound 2250

Optimal solution found (tolerance 1.00e-04)
Best objective 2.250000000000e+03, best bound 2.250000000000e+03, gap 0.0000%

Gurobi 7.0.2 (mac64, Python) logging started Mon Jun 12 18:01:11 2017

Optimize a model with 11 rows, 6 columns and 29 nonzeros
Variable types: 0 continuous, 6 integer (0 binary)
Coefficient statistics:
  Matrix range     [1e+00, 7e+02]
  Objective range  [2e+02, 1e+03]
  Bounds range     [0e+00, 0e+00]
  RHS range        [1e+00, 2e+03]
Found heuristic solution: objective 1900
Presolve removed 11 rows and 6 columns
Presolve time: 0.00s
Presolve: All rows and columns removed

Explored 0 nodes (0 simplex iterations) in 0.00 seconds
Thread count was 1 (of 2 available processors)

Solution count 1: 2150 
Pool objective bound 2150

Optimal solution found (tolerance 1.00e-04)
Best objective 2.150000000000e+03, best bound 2.150000000000e+03, gap 0.0000%

Gurobi 7.0.2 (mac64, Python) logging started Mon Jun 12 18:01:21 2017

Optimize a model with 11 rows, 6 columns and 29 nonzeros
Variable types: 0 continuous, 6 integer (0 binary)
Coefficient statistics:
  Matrix range     [1e+00, 7e+02]
  Objective range  [2e+02, 1e+03]
  Bounds range     [0e+00, 0e+00]
  RHS range        [1e+00, 2e+03]
Found heuristic solution: objective 1900
Presolve removed 11 rows and 6 columns
Presolve time: 0.00s
Presolve: All rows and columns removed

Explored 0 nodes (0 simplex iterations) in 0.00 seconds
Thread count was 1 (of 2 available processors)

Solution count 1: 2150 
Pool objective bound 2150

Optimal solution found (tolerance 1.00e-04)
Best objective 2.150000000000e+03, best bound 2.150000000000e+03, gap 0.0000%

Gurobi 7.0.2 (mac64, Python) logging started Mon Jun 12 19:38:46 2017


Gurobi 7.0.2 (mac64, Python) logging started Mon Jun 12 19:39:28 2017


Gurobi 7.0.2 (mac64, Python) logging started Mon Jun 12 19:39:43 2017


Gurobi 7.0.2 (mac64, Python) logging started Mon Jun 12 19:40:32 2017

Optimize a model with 27 rows, 4357 columns and 24702 nonzeros
Variable types: 0 continuous, 4357 integer (0 binary)
Coefficient statistics:
  Matrix range     [1e+00, 4e+00]
  Objective range  [9e+00, 2e+01]
  Bounds range     [0e+00, 0e+00]
  RHS range        [2e+01, 5e+01]
Presolve removed 0 rows and 144 columns
Presolve time: 0.08s
Presolved: 27 rows, 4213 columns, 24053 nonzeros
Variable types: 0 continuous, 4213 integer (0 binary)

Root relaxation: objective 3.660333e+03, 57 iterations, 0.01 seconds

    Nodes    |    Current Node    |     Objective Bounds      |     Work
 Expl Unexpl |  Obj  Depth IntInf | Incumbent    BestBd   Gap | It/Node Time

     0     0 3660.33333    0   15          - 3660.33333      -     -    0s
H    0     0                    3648.0000000 3660.33333  0.34%     -    0s
H    0     0                    3660.0000000 3660.33333  0.01%     -    0s

Explored 0 nodes (57 simplex iterations) in 0.35 seconds
Thread count was 2 (of 2 available processors)

Solution count 2: 3660 3648 
Pool objective bound 3660

Optimal solution found (tolerance 1.00e-04)
Best objective 3.660000000000e+03, best bound 3.660000000000e+03, gap 0.0000%

Gurobi 7.0.2 (mac64, Python) logging started Mon Jun 12 19:41:16 2017

Optimize a model with 27 rows, 4357 columns and 24702 nonzeros
Variable types: 0 continuous, 4357 integer (0 binary)
Coefficient statistics:
  Matrix range     [1e+00, 4e+00]
  Objective range  [9e+00, 2e+01]
  Bounds range     [0e+00, 0e+00]
  RHS range        [2e+01, 5e+01]
Presolve removed 0 rows and 144 columns
Presolve time: 0.08s
Presolved: 27 rows, 4213 columns, 24053 nonzeros
Variable types: 0 continuous, 4213 integer (0 binary)

Root relaxation: objective 3.660333e+03, 57 iterations, 0.01 seconds

    Nodes    |    Current Node    |     Objective Bounds      |     Work
 Expl Unexpl |  Obj  Depth IntInf | Incumbent    BestBd   Gap | It/Node Time

     0     0 3660.33333    0   15          - 3660.33333      -     -    0s
H    0     0                    3648.0000000 3660.33333  0.34%     -    0s
H    0     0                    3660.0000000 3660.33333  0.01%     -    0s

Explored 0 nodes (57 simplex iterations) in 0.33 seconds
Thread count was 2 (of 2 available processors)

Solution count 2: 3660 3648 
Pool objective bound 3660

Optimal solution found (tolerance 1.00e-04)
Best objective 3.660000000000e+03, best bound 3.660000000000e+03, gap 0.0000%

Gurobi 7.0.2 (mac64, Python) logging started Mon Jun 12 19:41:48 2017

Optimize a model with 27 rows, 4357 columns and 24702 nonzeros
Variable types: 0 continuous, 4357 integer (0 binary)
Coefficient statistics:
  Matrix range     [1e+00, 4e+00]
  Objective range  [9e+00, 2e+01]
  Bounds range     [0e+00, 0e+00]
  RHS range        [2e+01, 5e+01]
Presolve removed 0 rows and 144 columns
Presolve time: 0.08s
Presolved: 27 rows, 4213 columns, 24053 nonzeros
Variable types: 0 continuous, 4213 integer (0 binary)

Root relaxation: objective 3.660333e+03, 57 iterations, 0.01 seconds

    Nodes    |    Current Node    |     Objective Bounds      |     Work
 Expl Unexpl |  Obj  Depth IntInf | Incumbent    BestBd   Gap | It/Node Time

     0     0 3660.33333    0   15          - 3660.33333      -     -    0s
H    0     0                    3648.0000000 3660.33333  0.34%     -    0s
H    0     0                    3660.0000000 3660.33333  0.01%     -    0s

Explored 0 nodes (57 simplex iterations) in 0.33 seconds
Thread count was 2 (of 2 available processors)

Solution count 2: 3660 3648 
Pool objective bound 3660

Optimal solution found (tolerance 1.00e-04)
Best objective 3.660000000000e+03, best bound 3.660000000000e+03, gap 0.0000%

Gurobi 7.0.2 (mac64, Python) logging started Mon Jun 12 19:42:34 2017

Optimize a model with 19 rows, 4357 columns and 20026 nonzeros
Variable types: 0 continuous, 4357 integer (0 binary)
Coefficient statistics:
  Matrix range     [1e+00, 4e+00]
  Objective range  [9e+00, 2e+01]
  Bounds range     [0e+00, 0e+00]
  RHS range        [2e+01, 5e+01]
Found heuristic solution: objective 9.3e+31
Presolve removed 0 rows and 8 columns
Presolve time: 0.01s

Explored 0 nodes (0 simplex iterations) in 0.02 seconds
Thread count was 1 (of 2 available processors)

Solution count 1: 9.3e+31 
Pool objective bound 0

Model is unbounded
Warning: some integer variables take values larger than the maximum
         supported value (2000000000)
Best objective 9.300000000000e+31, best bound -, gap -

Gurobi 7.0.2 (mac64, Python) logging started Mon Jun 12 19:42:58 2017

Optimize a model with 28 rows, 4357 columns and 24703 nonzeros
Variable types: 0 continuous, 4357 integer (0 binary)
Coefficient statistics:
  Matrix range     [1e+00, 4e+00]
  Objective range  [9e+00, 2e+01]
  Bounds range     [0e+00, 0e+00]
  RHS range        [2e+01, 5e+01]
Presolve removed 1 rows and 145 columns
Presolve time: 0.10s
Presolved: 27 rows, 4212 columns, 24050 nonzeros
Variable types: 0 continuous, 4212 integer (0 binary)

Root relaxation: objective 3.660333e+03, 67 iterations, 0.02 seconds

    Nodes    |    Current Node    |     Objective Bounds      |     Work
 Expl Unexpl |  Obj  Depth IntInf | Incumbent    BestBd   Gap | It/Node Time

     0     0 3660.33333    0   15          - 3660.33333      -     -    0s
H    0     0                    3648.0000000 3660.33333  0.34%     -    0s
H    0     0                    3660.0000000 3660.33333  0.01%     -    0s

Explored 0 nodes (67 simplex iterations) in 0.38 seconds
Thread count was 2 (of 2 available processors)

Solution count 2: 3660 3648 
Pool objective bound 3660

Optimal solution found (tolerance 1.00e-04)
Best objective 3.660000000000e+03, best bound 3.660000000000e+03, gap 0.0000%

Gurobi 7.0.2 (mac64, Python) logging started Mon Jun 12 19:43:16 2017

Optimize a model with 28 rows, 4357 columns and 24703 nonzeros
Variable types: 0 continuous, 4357 integer (0 binary)
Coefficient statistics:
  Matrix range     [1e+00, 4e+00]
  Objective range  [9e+00, 2e+01]
  Bounds range     [0e+00, 0e+00]
  RHS range        [2e+01, 5e+01]
Presolve removed 1 rows and 145 columns
Presolve time: 0.07s
Presolved: 27 rows, 4212 columns, 24051 nonzeros
Variable types: 0 continuous, 4212 integer (0 binary)

Root relaxation: objective 3.627222e+03, 56 iterations, 0.01 seconds

    Nodes    |    Current Node    |     Objective Bounds      |     Work
 Expl Unexpl |  Obj  Depth IntInf | Incumbent    BestBd   Gap | It/Node Time

     0     0 3627.22222    0   16          - 3627.22222      -     -    0s
H    0     0                    3624.0000000 3627.22222  0.09%     -    0s
H    0     0                    3627.0000000 3627.22222  0.01%     -    0s

Explored 0 nodes (56 simplex iterations) in 0.32 seconds
Thread count was 2 (of 2 available processors)

Solution count 2: 3627 3624 
Pool objective bound 3627

Optimal solution found (tolerance 1.00e-04)
Best objective 3.627000000000e+03, best bound 3.627000000000e+03, gap 0.0000%

Gurobi 7.0.2 (mac64, Python) logging started Mon Jun 12 19:43:39 2017

Optimize a model with 29 rows, 4357 columns and 24704 nonzeros
Variable types: 0 continuous, 4357 integer (0 binary)
Coefficient statistics:
  Matrix range     [1e+00, 4e+00]
  Objective range  [9e+00, 2e+01]
  Bounds range     [0e+00, 0e+00]
  RHS range        [2e+01, 5e+01]
Presolve removed 2 rows and 146 columns
Presolve time: 0.07s
Presolved: 27 rows, 4211 columns, 24049 nonzeros
Variable types: 0 continuous, 4211 integer (0 binary)

Root relaxation: objective 3.627222e+03, 59 iterations, 0.01 seconds

    Nodes    |    Current Node    |     Objective Bounds      |     Work
 Expl Unexpl |  Obj  Depth IntInf | Incumbent    BestBd   Gap | It/Node Time

     0     0 3627.22222    0   16          - 3627.22222      -     -    0s
H    0     0                    3624.0000000 3627.22222  0.09%     -    0s
H    0     0                    3627.0000000 3627.22222  0.01%     -    0s

Explored 0 nodes (59 simplex iterations) in 0.30 seconds
Thread count was 2 (of 2 available processors)

Solution count 2: 3627 3624 
Pool objective bound 3627

Optimal solution found (tolerance 1.00e-04)
Best objective 3.627000000000e+03, best bound 3.627000000000e+03, gap 0.0000%

Gurobi 7.0.2 (mac64, Python) logging started Mon Jun 12 19:43:53 2017

Optimize a model with 29 rows, 4357 columns and 24704 nonzeros
Variable types: 0 continuous, 4357 integer (0 binary)
Coefficient statistics:
  Matrix range     [1e+00, 4e+00]
  Objective range  [9e+00, 2e+01]
  Bounds range     [0e+00, 0e+00]
  RHS range        [2e+01, 5e+01]
Presolve removed 2 rows and 146 columns
Presolve time: 0.08s
Presolved: 27 rows, 4211 columns, 24049 nonzeros
Variable types: 0 continuous, 4211 integer (0 binary)

Root relaxation: objective 3.591200e+03, 56 iterations, 0.01 seconds

    Nodes    |    Current Node    |     Objective Bounds      |     Work
 Expl Unexpl |  Obj  Depth IntInf | Incumbent    BestBd   Gap | It/Node Time

     0     0 3591.20000    0   12          - 3591.20000      -     -    0s
H    0     0                    3579.0000000 3591.20000  0.34%     -    0s
H    0     0                    3590.0000000 3591.20000  0.03%     -    0s

Cutting planes:
  Gomory: 1

Explored 0 nodes (56 simplex iterations) in 0.30 seconds
Thread count was 2 (of 2 available processors)

Solution count 2: 3590 3579 
Pool objective bound 3590

Optimal solution found (tolerance 1.00e-04)
Best objective 3.590000000000e+03, best bound 3.590000000000e+03, gap 0.0000%

Gurobi 7.0.2 (mac64, Python) logging started Mon Jun 12 19:44:13 2017

Optimize a model with 29 rows, 4357 columns and 24704 nonzeros
Variable types: 0 continuous, 4357 integer (0 binary)
Coefficient statistics:
  Matrix range     [1e+00, 4e+00]
  Objective range  [9e+00, 2e+01]
  Bounds range     [0e+00, 0e+00]
  RHS range        [2e+01, 5e+01]
Presolve removed 2 rows and 146 columns
Presolve time: 0.07s
Presolved: 27 rows, 4211 columns, 24049 nonzeros
Variable types: 0 continuous, 4211 integer (0 binary)

Root relaxation: objective 4.565000e+03, 51 iterations, 0.01 seconds

    Nodes    |    Current Node    |     Objective Bounds      |     Work
 Expl Unexpl |  Obj  Depth IntInf | Incumbent    BestBd   Gap | It/Node Time

     0     0 4565.00000    0   17          - 4565.00000      -     -    0s
H    0     0                    4543.0000000 4565.00000  0.48%     -    0s
H    0     0                    4565.0000000 4565.00000  0.00%     -    0s

Explored 0 nodes (51 simplex iterations) in 0.27 seconds
Thread count was 2 (of 2 available processors)

Solution count 2: 4565 4543 
Pool objective bound 4565

Optimal solution found (tolerance 1.00e-04)
Best objective 4.565000000000e+03, best bound 4.565000000000e+03, gap 0.0000%

Gurobi 7.0.2 (mac64, Python) logging started Mon Jun 12 19:44:23 2017

Optimize a model with 27 rows, 4357 columns and 24702 nonzeros
Variable types: 0 continuous, 4357 integer (0 binary)
Coefficient statistics:
  Matrix range     [1e+00, 4e+00]
  Objective range  [9e+00, 2e+01]
  Bounds range     [0e+00, 0e+00]
  RHS range        [2e+01, 5e+01]
Presolve removed 0 rows and 144 columns
Presolve time: 0.07s
Presolved: 27 rows, 4213 columns, 24053 nonzeros
Variable types: 0 continuous, 4213 integer (0 binary)

Root relaxation: objective 4.615000e+03, 65 iterations, 0.01 seconds

    Nodes    |    Current Node    |     Objective Bounds      |     Work
 Expl Unexpl |  Obj  Depth IntInf | Incumbent    BestBd   Gap | It/Node Time

     0     0 4615.00000    0   16          - 4615.00000      -     -    0s
H    0     0                    4615.0000000 4615.00000  0.00%     -    0s

Explored 0 nodes (72 simplex iterations) in 0.23 seconds
Thread count was 2 (of 2 available processors)

Solution count 1: 4615 
Pool objective bound 4615

Optimal solution found (tolerance 1.00e-04)
Best objective 4.615000000000e+03, best bound 4.615000000000e+03, gap 0.0000%

Gurobi 7.0.2 (mac64, Python) logging started Mon Jun 12 19:44:33 2017

Optimize a model with 27 rows, 4357 columns and 24702 nonzeros
Variable types: 0 continuous, 4357 integer (0 binary)
Coefficient statistics:
  Matrix range     [1e+00, 4e+00]
  Objective range  [9e+00, 2e+01]
  Bounds range     [0e+00, 0e+00]
  RHS range        [2e+01, 5e+01]
Presolve removed 0 rows and 144 columns
Presolve time: 0.08s
Presolved: 27 rows, 4213 columns, 24053 nonzeros
Variable types: 0 continuous, 4213 integer (0 binary)

Root relaxation: objective 3.660333e+03, 57 iterations, 0.01 seconds

    Nodes    |    Current Node    |     Objective Bounds      |     Work
 Expl Unexpl |  Obj  Depth IntInf | Incumbent    BestBd   Gap | It/Node Time

     0     0 3660.33333    0   15          - 3660.33333      -     -    0s
H    0     0                    3648.0000000 3660.33333  0.34%     -    0s
H    0     0                    3660.0000000 3660.33333  0.01%     -    0s

Explored 0 nodes (57 simplex iterations) in 0.32 seconds
Thread count was 2 (of 2 available processors)

Solution count 2: 3660 3648 
Pool objective bound 3660

Optimal solution found (tolerance 1.00e-04)
Best objective 3.660000000000e+03, best bound 3.660000000000e+03, gap 0.0000%

Gurobi 7.0.2 (mac64, Python) logging started Mon Jun 12 19:45:55 2017

Optimize a model with 4358 rows, 4357 columns and 29033 nonzeros
Variable types: 0 continuous, 4357 integer (0 binary)
Coefficient statistics:
  Matrix range     [1e+00, 4e+00]
  Objective range  [9e+00, 2e+01]
  Bounds range     [0e+00, 0e+00]
  RHS range        [1e+00, 5e+01]
Presolve removed 4331 rows and 37 columns
Presolve time: 0.07s
Presolved: 27 rows, 4320 columns, 24518 nonzeros
Variable types: 0 continuous, 4320 integer (4257 binary)

Root relaxation: infeasible, 21 iterations, 0.00 seconds

    Nodes    |    Current Node    |     Objective Bounds      |     Work
 Expl Unexpl |  Obj  Depth IntInf | Incumbent    BestBd   Gap | It/Node Time

     0     0 infeasible    0               - infeasible      -     -    0s

Explored 0 nodes (21 simplex iterations) in 0.53 seconds
Thread count was 2 (of 2 available processors)

Solution count 0

Model is infeasible or unbounded
Best objective -, best bound -, gap -

Gurobi 7.0.2 (mac64, Python) logging started Mon Jun 12 19:46:23 2017

Optimize a model with 4358 rows, 4357 columns and 29033 nonzeros
Variable types: 0 continuous, 4357 integer (0 binary)
Coefficient statistics:
  Matrix range     [1e+00, 4e+00]
  Objective range  [9e+00, 2e+01]
  Bounds range     [0e+00, 0e+00]
  RHS range        [1e+00, 5e+01]
Found heuristic solution: objective 2053
Presolve removed 4331 rows and 37 columns
Presolve time: 0.08s
Presolved: 27 rows, 4320 columns, 24518 nonzeros
Variable types: 0 continuous, 4320 integer (4257 binary)

Root relaxation: objective 2.982250e+03, 80 iterations, 0.01 seconds

    Nodes    |    Current Node    |     Objective Bounds      |     Work
 Expl Unexpl |  Obj  Depth IntInf | Incumbent    BestBd   Gap | It/Node Time

     0     0 2982.25000    0   11 2053.00000 2982.25000  45.3%     -    0s
H    0     0                    2978.0000000 2982.25000  0.14%     -    0s
H    0     0                    2981.0000000 2982.25000  0.04%     -    0s
H    0     0                    2982.0000000 2982.25000  0.01%     -    0s

Explored 0 nodes (110 simplex iterations) in 0.21 seconds
Thread count was 2 (of 2 available processors)

Solution count 4: 2982 2981 2978 2053 
Pool objective bound 2982

Optimal solution found (tolerance 1.00e-04)
Best objective 2.982000000000e+03, best bound 2.982000000000e+03, gap 0.0000%

Gurobi 7.0.2 (mac64, Python) logging started Mon Jun 12 19:47:04 2017

Optimize a model with 4360 rows, 4357 columns and 29035 nonzeros
Variable types: 0 continuous, 4357 integer (0 binary)
Coefficient statistics:
  Matrix range     [1e+00, 4e+00]
  Objective range  [9e+00, 2e+01]
  Bounds range     [0e+00, 0e+00]
  RHS range        [1e+00, 5e+01]
Found heuristic solution: objective 2053
Presolve removed 4333 rows and 39 columns
Presolve time: 0.08s
Presolved: 27 rows, 4318 columns, 24514 nonzeros
Variable types: 0 continuous, 4318 integer (4257 binary)

Root relaxation: objective 2.931417e+03, 107 iterations, 0.02 seconds

    Nodes    |    Current Node    |     Objective Bounds      |     Work
 Expl Unexpl |  Obj  Depth IntInf | Incumbent    BestBd   Gap | It/Node Time

     0     0 2931.41667    0   15 2053.00000 2931.41667  42.8%     -    0s
H    0     0                    2925.0000000 2931.41667  0.22%     -    0s
H    0     0                    2931.0000000 2931.41667  0.01%     -    0s

Explored 0 nodes (111 simplex iterations) in 0.18 seconds
Thread count was 2 (of 2 available processors)

Solution count 3: 2931 2925 2053 
Pool objective bound 2931

Optimal solution found (tolerance 1.00e-04)
Best objective 2.931000000000e+03, best bound 2.931000000000e+03, gap 0.0000%

Gurobi 7.0.2 (mac64, Python) logging started Mon Jun 12 20:04:31 2017

Optimize a model with 60 rows, 130 columns and 287 nonzeros
Variable types: 0 continuous, 130 integer (0 binary)
Coefficient statistics:
  Matrix range     [1e+00, 1e+00]
  Objective range  [1e+04, 6e+04]
  Bounds range     [0e+00, 0e+00]
  RHS range        [1e+00, 1e+00]
Found heuristic solution: objective 0

Explored 0 nodes (0 simplex iterations) in 0.01 seconds
Thread count was 1 (of 2 available processors)

Solution count 1: 0 
Pool objective bound 0

Optimal solution found (tolerance 1.00e-04)
Best objective 0.000000000000e+00, best bound 0.000000000000e+00, gap 0.0000%

Gurobi 7.0.2 (mac64, Python) logging started Mon Jun 12 20:05:45 2017

Optimize a model with 60 rows, 130 columns and 287 nonzeros
Variable types: 0 continuous, 130 integer (0 binary)
Coefficient statistics:
  Matrix range     [1e+00, 1e+00]
  Objective range  [1e+04, 6e+04]
  Bounds range     [0e+00, 0e+00]
  RHS range        [1e+00, 1e+00]
Found heuristic solution: objective 0

Explored 0 nodes (0 simplex iterations) in 0.00 seconds
Thread count was 1 (of 2 available processors)

Solution count 1: 0 
Pool objective bound 0

Optimal solution found (tolerance 1.00e-04)
Best objective 0.000000000000e+00, best bound 0.000000000000e+00, gap 0.0000%

Gurobi 7.0.2 (mac64, Python) logging started Mon Jun 12 20:07:17 2017


Gurobi 7.0.2 (mac64, Python) logging started Mon Jun 12 20:07:36 2017

Optimize a model with 161 rows, 130 columns and 487 nonzeros
Variable types: 0 continuous, 130 integer (0 binary)
Coefficient statistics:
  Matrix range     [1e+00, 1e+00]
  Objective range  [1e+04, 6e+04]
  Bounds range     [0e+00, 0e+00]
  RHS range        [1e+00, 2e+01]
Found heuristic solution: objective 652369
Presolve removed 130 rows and 0 columns
Presolve time: 0.02s
Presolved: 31 rows, 130 columns, 357 nonzeros
Variable types: 0 continuous, 130 integer (130 binary)

Root relaxation: objective 4.387500e+05, 28 iterations, 0.01 seconds

    Nodes    |    Current Node    |     Objective Bounds      |     Work
 Expl Unexpl |  Obj  Depth IntInf | Incumbent    BestBd   Gap | It/Node Time

     0     0 438750.000    0    5 652369.000 438750.000  32.7%     -    0s
H    0     0                    441177.00000 438750.000  0.55%     -    0s
H    0     0                    440885.00000 438750.000  0.48%     -    0s
*    0     0               0    440203.00000 440203.000  0.00%     -    0s

Explored 0 nodes (28 simplex iterations) in 0.05 seconds
Thread count was 2 (of 2 available processors)

Solution count 4: 440203 440885 441177 652369 
Pool objective bound 440203

Optimal solution found (tolerance 1.00e-04)
Best objective 4.402030000000e+05, best bound 4.402030000000e+05, gap 0.0000%

Gurobi 7.0.2 (mac64, Python) logging started Mon Jun 12 20:09:02 2017

Optimize a model with 161 rows, 130 columns and 487 nonzeros
Variable types: 0 continuous, 130 integer (0 binary)
Coefficient statistics:
  Matrix range     [1e+00, 1e+00]
  Objective range  [1e+04, 6e+04]
  Bounds range     [0e+00, 0e+00]
  RHS range        [1e+00, 2e+01]
Found heuristic solution: objective 652369
Presolve removed 130 rows and 0 columns
Presolve time: 0.00s
Presolved: 31 rows, 130 columns, 357 nonzeros
Variable types: 0 continuous, 130 integer (130 binary)

Root relaxation: objective 4.387500e+05, 28 iterations, 0.00 seconds

    Nodes    |    Current Node    |     Objective Bounds      |     Work
 Expl Unexpl |  Obj  Depth IntInf | Incumbent    BestBd   Gap | It/Node Time

     0     0 438750.000    0    5 652369.000 438750.000  32.7%     -    0s
H    0     0                    441177.00000 438750.000  0.55%     -    0s
H    0     0                    440885.00000 438750.000  0.48%     -    0s
*    0     0               0    440203.00000 440203.000  0.00%     -    0s

Explored 0 nodes (28 simplex iterations) in 0.01 seconds
Thread count was 2 (of 2 available processors)

Solution count 4: 440203 440885 441177 652369 
Pool objective bound 440203

Optimal solution found (tolerance 1.00e-04)
Best objective 4.402030000000e+05, best bound 4.402030000000e+05, gap 0.0000%

Gurobi 7.0.2 (mac64, Python) logging started Mon Jun 12 20:10:29 2017

Optimize a model with 161 rows, 130 columns and 487 nonzeros
Variable types: 0 continuous, 130 integer (0 binary)
Coefficient statistics:
  Matrix range     [1e+00, 1e+00]
  Objective range  [1e+04, 6e+04]
  Bounds range     [0e+00, 0e+00]
  RHS range        [1e+00, 2e+01]
Found heuristic solution: objective 652369
Presolve removed 130 rows and 0 columns
Presolve time: 0.01s
Presolved: 31 rows, 130 columns, 357 nonzeros
Variable types: 0 continuous, 130 integer (130 binary)

Root relaxation: objective 4.387500e+05, 28 iterations, 0.01 seconds

    Nodes    |    Current Node    |     Objective Bounds      |     Work
 Expl Unexpl |  Obj  Depth IntInf | Incumbent    BestBd   Gap | It/Node Time

     0     0 438750.000    0    5 652369.000 438750.000  32.7%     -    0s
H    0     0                    441177.00000 438750.000  0.55%     -    0s
H    0     0                    440885.00000 438750.000  0.48%     -    0s
*    0     0               0    440203.00000 440203.000  0.00%     -    0s

Explored 0 nodes (28 simplex iterations) in 0.05 seconds
Thread count was 2 (of 2 available processors)

Solution count 4: 440203 440885 441177 652369 
Pool objective bound 440203

Optimal solution found (tolerance 1.00e-04)
Best objective 4.402030000000e+05, best bound 4.402030000000e+05, gap 0.0000%

Gurobi 7.0.2 (mac64, Python) logging started Mon Jun 12 20:10:41 2017

Optimize a model with 161 rows, 130 columns and 487 nonzeros
Variable types: 0 continuous, 130 integer (0 binary)
Coefficient statistics:
  Matrix range     [1e+00, 1e+00]
  Objective range  [1e+04, 6e+04]
  Bounds range     [0e+00, 0e+00]
  RHS range        [1e+00, 2e+01]
Found heuristic solution: objective 652369
Presolve removed 130 rows and 0 columns
Presolve time: 0.00s
Presolved: 31 rows, 130 columns, 357 nonzeros
Variable types: 0 continuous, 130 integer (130 binary)

Root relaxation: objective 4.387500e+05, 28 iterations, 0.00 seconds

    Nodes    |    Current Node    |     Objective Bounds      |     Work
 Expl Unexpl |  Obj  Depth IntInf | Incumbent    BestBd   Gap | It/Node Time

     0     0 438750.000    0    5 652369.000 438750.000  32.7%     -    0s
H    0     0                    441177.00000 438750.000  0.55%     -    0s
H    0     0                    440885.00000 438750.000  0.48%     -    0s
*    0     0               0    440203.00000 440203.000  0.00%     -    0s

Explored 0 nodes (28 simplex iterations) in 0.01 seconds
Thread count was 2 (of 2 available processors)

Solution count 4: 440203 440885 441177 652369 
Pool objective bound 440203

Optimal solution found (tolerance 1.00e-04)
Best objective 4.402030000000e+05, best bound 4.402030000000e+05, gap 0.0000%

Gurobi 7.0.2 (mac64, Python) logging started Mon Jun 12 20:10:45 2017

Optimize a model with 161 rows, 130 columns and 487 nonzeros
Variable types: 0 continuous, 130 integer (0 binary)
Coefficient statistics:
  Matrix range     [1e+00, 1e+00]
  Objective range  [1e+04, 6e+04]
  Bounds range     [0e+00, 0e+00]
  RHS range        [1e+00, 2e+01]
Found heuristic solution: objective 652369
Presolve removed 130 rows and 0 columns
Presolve time: 0.00s
Presolved: 31 rows, 130 columns, 357 nonzeros
Variable types: 0 continuous, 130 integer (130 binary)

Root relaxation: objective 4.387500e+05, 28 iterations, 0.00 seconds

    Nodes    |    Current Node    |     Objective Bounds      |     Work
 Expl Unexpl |  Obj  Depth IntInf | Incumbent    BestBd   Gap | It/Node Time

     0     0 438750.000    0    5 652369.000 438750.000  32.7%     -    0s
H    0     0                    441177.00000 438750.000  0.55%     -    0s
H    0     0                    440885.00000 438750.000  0.48%     -    0s
*    0     0               0    440203.00000 440203.000  0.00%     -    0s

Explored 0 nodes (28 simplex iterations) in 0.01 seconds
Thread count was 2 (of 2 available processors)

Solution count 4: 440203 440885 441177 652369 
Pool objective bound 440203

Optimal solution found (tolerance 1.00e-04)
Best objective 4.402030000000e+05, best bound 4.402030000000e+05, gap 0.0000%

Gurobi 7.0.2 (mac64, Python) logging started Mon Jun 12 20:11:16 2017

Optimize a model with 161 rows, 130 columns and 487 nonzeros
Variable types: 0 continuous, 130 integer (0 binary)
Coefficient statistics:
  Matrix range     [1e+00, 1e+00]
  Objective range  [1e+03, 6e+04]
  Bounds range     [0e+00, 0e+00]
  RHS range        [1e+00, 2e+01]
Found heuristic solution: objective 607369
Presolve removed 130 rows and 0 columns
Presolve time: 0.00s
Presolved: 31 rows, 130 columns, 357 nonzeros
Variable types: 0 continuous, 130 integer (130 binary)

Root relaxation: objective 3.881920e+05, 21 iterations, 0.00 seconds

    Nodes    |    Current Node    |     Objective Bounds      |     Work
 Expl Unexpl |  Obj  Depth IntInf | Incumbent    BestBd   Gap | It/Node Time

*    0     0               0    388192.00000 388192.000  0.00%     -    0s

Explored 0 nodes (21 simplex iterations) in 0.00 seconds
Thread count was 2 (of 2 available processors)

Solution count 2: 388192 607369 
Pool objective bound 388192

Optimal solution found (tolerance 1.00e-04)
Best objective 3.881920000000e+05, best bound 3.881920000000e+05, gap 0.0000%

Gurobi 7.0.2 (mac64, Python) logging started Mon Jun 12 20:11:21 2017

Optimize a model with 161 rows, 130 columns and 487 nonzeros
Variable types: 0 continuous, 130 integer (0 binary)
Coefficient statistics:
  Matrix range     [1e+00, 1e+00]
  Objective range  [2e+04, 1e+05]
  Bounds range     [0e+00, 0e+00]
  RHS range        [1e+00, 2e+01]
Found heuristic solution: objective 1.10237e+06
Presolve removed 130 rows and 0 columns
Presolve time: 0.00s
Presolved: 31 rows, 130 columns, 357 nonzeros
Variable types: 0 continuous, 130 integer (130 binary)

Root relaxation: objective 4.428650e+05, 24 iterations, 0.00 seconds

    Nodes    |    Current Node    |     Objective Bounds      |     Work
 Expl Unexpl |  Obj  Depth IntInf | Incumbent    BestBd   Gap | It/Node Time

*    0     0               0    442865.00000 442865.000  0.00%     -    0s

Explored 0 nodes (24 simplex iterations) in 0.00 seconds
Thread count was 2 (of 2 available processors)

Solution count 2: 442865 1.10237e+06 
Pool objective bound 442865

Optimal solution found (tolerance 1.00e-04)
Best objective 4.428650000000e+05, best bound 4.428650000000e+05, gap 0.0000%

Gurobi 7.0.2 (mac64, Python) logging started Mon Jun 12 20:38:43 2017

Changed value of parameter MIPGap to 0.0
   Prev: 0.0001  Min: 0.0  Max: 1e+100  Default: 0.0001
Optimize a model with 60 rows, 1650 columns and 3300 nonzeros
Variable types: 0 continuous, 1650 integer (0 binary)
Coefficient statistics:
  Matrix range     [1e+00, 9e+04]
  Objective range  [5e+06, 1e+07]
  Bounds range     [1e+00, 1e+00]
  RHS range        [7e+00, 5e+05]
Found heuristic solution: objective 0

Explored 0 nodes (0 simplex iterations) in 0.01 seconds
Thread count was 1 (of 2 available processors)

Solution count 1: 0 
Pool objective bound 0

Optimal solution found (tolerance 1.00e-04)
Best objective 0.000000000000e+00, best bound 0.000000000000e+00, gap 0.0000%

Gurobi 7.0.2 (mac64, Python) logging started Mon Jun 12 20:39:42 2017

Changed value of parameter MIPGap to 0.0
   Prev: 0.0001  Min: 0.0  Max: 1e+100  Default: 0.0001
Optimize a model with 115 rows, 1650 columns and 4950 nonzeros
Variable types: 0 continuous, 1650 integer (0 binary)
Coefficient statistics:
  Matrix range     [1e+00, 9e+04]
  Objective range  [5e+06, 1e+07]
  Bounds range     [1e+00, 1e+00]
  RHS range        [1e+00, 5e+05]
Found heuristic solution: objective 1.19945e+07
Presolve removed 115 rows and 1650 columns
Presolve time: 0.01s
Presolve: All rows and columns removed

Explored 0 nodes (0 simplex iterations) in 0.02 seconds
Thread count was 1 (of 2 available processors)

Solution count 1: 9.66325e+06 
Pool objective bound 9.66325e+06

Optimal solution found (tolerance 1.00e-04)
Best objective 9.663254000000e+06, best bound 9.663254000000e+06, gap 0.0000%

Gurobi 7.0.2 (mac64, Python) logging started Mon Jun 12 20:40:16 2017

Changed value of parameter MIPGap to 0.0
   Prev: 0.0001  Min: 0.0  Max: 1e+100  Default: 0.0001
Optimize a model with 115 rows, 1650 columns and 4950 nonzeros
Variable types: 0 continuous, 1650 integer (0 binary)
Coefficient statistics:
  Matrix range     [1e+00, 9e+04]
  Objective range  [5e+06, 1e+07]
  Bounds range     [1e+00, 1e+00]
  RHS range        [1e+00, 5e+05]
Found heuristic solution: objective 5.09059e+08
Presolve time: 0.01s
Presolved: 115 rows, 1650 columns, 4950 nonzeros
Variable types: 0 continuous, 1650 integer (1650 binary)

Root relaxation: objective 3.370670e+08, 105 iterations, 0.01 seconds

    Nodes    |    Current Node    |     Objective Bounds      |     Work
 Expl Unexpl |  Obj  Depth IntInf | Incumbent    BestBd   Gap | It/Node Time

     0     0 3.3707e+08    0   12 5.0906e+08 3.3707e+08  33.8%     -    0s
H    0     0                    3.418061e+08 3.3707e+08  1.39%     -    0s
H    0     0                    3.389443e+08 3.3707e+08  0.55%     -    0s
     0     0 3.3786e+08    0   18 3.3894e+08 3.3786e+08  0.32%     -    0s
     0     0 3.3786e+08    0   12 3.3894e+08 3.3786e+08  0.32%     -    0s
     0     0 3.3795e+08    0   25 3.3894e+08 3.3795e+08  0.29%     -    0s
     0     0 3.3824e+08    0   31 3.3894e+08 3.3824e+08  0.21%     -    0s
     0     0 3.3848e+08    0   30 3.3894e+08 3.3848e+08  0.14%     -    0s
     0     0 3.3848e+08    0   11 3.3894e+08 3.3848e+08  0.14%     -    0s
     0     0 3.3848e+08    0   26 3.3894e+08 3.3848e+08  0.14%     -    0s
     0     0 3.3848e+08    0   28 3.3894e+08 3.3848e+08  0.14%     -    0s
     0     0 3.3848e+08    0   31 3.3894e+08 3.3848e+08  0.14%     -    0s
     0     0 3.3853e+08    0   30 3.3894e+08 3.3853e+08  0.12%     -    0s
     0     0 3.3870e+08    0   32 3.3894e+08 3.3870e+08  0.07%     -    0s
     0     0 3.3876e+08    0   31 3.3894e+08 3.3876e+08  0.05%     -    0s
     0     0 3.3886e+08    0   29 3.3894e+08 3.3886e+08  0.02%     -    0s
     0     0 3.3886e+08    0   10 3.3894e+08 3.3886e+08  0.02%     -    0s
     0     0 3.3886e+08    0   19 3.3894e+08 3.3886e+08  0.02%     -    0s
     0     0 3.3886e+08    0   28 3.3894e+08 3.3886e+08  0.02%     -    0s
     0     0 3.3886e+08    0   34 3.3894e+08 3.3886e+08  0.02%     -    0s
     0     0 3.3886e+08    0   30 3.3894e+08 3.3886e+08  0.02%     -    0s
     0     0 3.3886e+08    0   26 3.3894e+08 3.3886e+08  0.02%     -    0s
     0     0 3.3889e+08    0   23 3.3894e+08 3.3889e+08  0.02%     -    0s
     0     0 3.3890e+08    0   29 3.3894e+08 3.3890e+08  0.01%     -    0s
     0     0 3.3890e+08    0   10 3.3894e+08 3.3890e+08  0.01%     -    0s
     0     0 3.3890e+08    0   14 3.3894e+08 3.3890e+08  0.01%     -    0s
     0     0 3.3890e+08    0   20 3.3894e+08 3.3890e+08  0.01%     -    0s
     0     0 3.3890e+08    0   22 3.3894e+08 3.3890e+08  0.01%     -    0s
     0     0 3.3890e+08    0   17 3.3894e+08 3.3890e+08  0.01%     -    0s
     0     0 3.3890e+08    0   21 3.3894e+08 3.3890e+08  0.01%     -    0s
     0     0 3.3890e+08    0   19 3.3894e+08 3.3890e+08  0.01%     -    0s
     0     0 3.3890e+08    0   28 3.3894e+08 3.3890e+08  0.01%     -    0s
     0     0 3.3891e+08    0   23 3.3894e+08 3.3891e+08  0.01%     -    0s

Cutting planes:
  Gomory: 2
  Cover: 14
  MIR: 5

Explored 0 nodes (742 simplex iterations) in 0.18 seconds
Thread count was 2 (of 2 available processors)

Solution count 3: 3.38944e+08 3.41806e+08 5.09059e+08 
Pool objective bound 3.38913e+08

Optimal solution found (tolerance 1.00e-04)
Best objective 3.389443080000e+08, best bound 3.389134225931e+08, gap 0.0091%

Gurobi 7.0.2 (mac64, Python) logging started Mon Jun 12 20:43:24 2017

Changed value of parameter MIPGap to 0.0
   Prev: 0.0001  Min: 0.0  Max: 1e+100  Default: 0.0001
Optimize a model with 115 rows, 1650 columns and 4950 nonzeros
Variable types: 0 continuous, 1650 integer (0 binary)
Coefficient statistics:
  Matrix range     [1e+00, 9e+04]
  Objective range  [5e+06, 1e+07]
  Bounds range     [1e+00, 1e+00]
  RHS range        [1e+00, 5e+05]
Found heuristic solution: objective 5.09059e+08
Presolve time: 0.02s
Presolved: 115 rows, 1650 columns, 4950 nonzeros
Variable types: 0 continuous, 1650 integer (1650 binary)

Root relaxation: objective 3.370670e+08, 105 iterations, 0.01 seconds

    Nodes    |    Current Node    |     Objective Bounds      |     Work
 Expl Unexpl |  Obj  Depth IntInf | Incumbent    BestBd   Gap | It/Node Time

     0     0 3.3707e+08    0   12 5.0906e+08 3.3707e+08  33.8%     -    0s
H    0     0                    3.418061e+08 3.3707e+08  1.39%     -    0s
H    0     0                    3.389443e+08 3.3707e+08  0.55%     -    0s
     0     0 3.3786e+08    0   18 3.3894e+08 3.3786e+08  0.32%     -    0s
     0     0 3.3786e+08    0   12 3.3894e+08 3.3786e+08  0.32%     -    0s
     0     0 3.3795e+08    0   25 3.3894e+08 3.3795e+08  0.29%     -    0s
     0     0 3.3824e+08    0   31 3.3894e+08 3.3824e+08  0.21%     -    0s
     0     0 3.3848e+08    0   30 3.3894e+08 3.3848e+08  0.14%     -    0s
     0     0 3.3848e+08    0   11 3.3894e+08 3.3848e+08  0.14%     -    0s
     0     0 3.3848e+08    0   26 3.3894e+08 3.3848e+08  0.14%     -    0s
     0     0 3.3848e+08    0   28 3.3894e+08 3.3848e+08  0.14%     -    0s
     0     0 3.3848e+08    0   31 3.3894e+08 3.3848e+08  0.14%     -    0s
     0     0 3.3853e+08    0   30 3.3894e+08 3.3853e+08  0.12%     -    0s
     0     0 3.3870e+08    0   32 3.3894e+08 3.3870e+08  0.07%     -    0s
     0     0 3.3876e+08    0   31 3.3894e+08 3.3876e+08  0.05%     -    0s
     0     0 3.3886e+08    0   29 3.3894e+08 3.3886e+08  0.02%     -    0s
     0     0 3.3886e+08    0   10 3.3894e+08 3.3886e+08  0.02%     -    0s
     0     0 3.3886e+08    0   19 3.3894e+08 3.3886e+08  0.02%     -    0s
     0     0 3.3886e+08    0   28 3.3894e+08 3.3886e+08  0.02%     -    0s
     0     0 3.3886e+08    0   34 3.3894e+08 3.3886e+08  0.02%     -    0s
     0     0 3.3886e+08    0   30 3.3894e+08 3.3886e+08  0.02%     -    0s
     0     0 3.3886e+08    0   26 3.3894e+08 3.3886e+08  0.02%     -    0s
     0     0 3.3889e+08    0   23 3.3894e+08 3.3889e+08  0.02%     -    0s
     0     0 3.3890e+08    0   29 3.3894e+08 3.3890e+08  0.01%     -    0s
     0     0 3.3890e+08    0   10 3.3894e+08 3.3890e+08  0.01%     -    0s
     0     0 3.3890e+08    0   14 3.3894e+08 3.3890e+08  0.01%     -    0s
     0     0 3.3890e+08    0   20 3.3894e+08 3.3890e+08  0.01%     -    0s
     0     0 3.3890e+08    0   22 3.3894e+08 3.3890e+08  0.01%     -    0s
     0     0 3.3890e+08    0   17 3.3894e+08 3.3890e+08  0.01%     -    0s
     0     0 3.3890e+08    0   21 3.3894e+08 3.3890e+08  0.01%     -    0s
     0     0 3.3890e+08    0   19 3.3894e+08 3.3890e+08  0.01%     -    0s
     0     0 3.3890e+08    0   28 3.3894e+08 3.3890e+08  0.01%     -    0s
     0     0 3.3891e+08    0   23 3.3894e+08 3.3891e+08  0.01%     -    0s

Cutting planes:
  Gomory: 2
  Cover: 14
  MIR: 5

Explored 0 nodes (742 simplex iterations) in 0.19 seconds
Thread count was 2 (of 2 available processors)

Solution count 3: 3.38944e+08 3.41806e+08 5.09059e+08 
Pool objective bound 3.38913e+08

Optimal solution found (tolerance 1.00e-04)
Best objective 3.389443080000e+08, best bound 3.389134225931e+08, gap 0.0091%

Gurobi 7.0.2 (mac64, Python) logging started Mon Jun 12 20:45:36 2017

Changed value of parameter MIPGap to 0.0
   Prev: 0.0001  Min: 0.0  Max: 1e+100  Default: 0.0001
Optimize a model with 115 rows, 1650 columns and 4950 nonzeros
Variable types: 0 continuous, 1650 integer (0 binary)
Coefficient statistics:
  Matrix range     [1e+00, 9e+04]
  Objective range  [5e+06, 1e+07]
  Bounds range     [1e+00, 1e+00]
  RHS range        [1e+00, 5e+05]
Found heuristic solution: objective 5.09059e+08
Presolve time: 0.03s
Presolved: 115 rows, 1650 columns, 4950 nonzeros
Variable types: 0 continuous, 1650 integer (1650 binary)

Root relaxation: objective 3.370670e+08, 105 iterations, 0.01 seconds

    Nodes    |    Current Node    |     Objective Bounds      |     Work
 Expl Unexpl |  Obj  Depth IntInf | Incumbent    BestBd   Gap | It/Node Time

     0     0 3.3707e+08    0   12 5.0906e+08 3.3707e+08  33.8%     -    0s
H    0     0                    3.418061e+08 3.3707e+08  1.39%     -    0s
H    0     0                    3.389443e+08 3.3707e+08  0.55%     -    0s
     0     0 3.3786e+08    0   18 3.3894e+08 3.3786e+08  0.32%     -    0s
     0     0 3.3786e+08    0   12 3.3894e+08 3.3786e+08  0.32%     -    0s
     0     0 3.3795e+08    0   25 3.3894e+08 3.3795e+08  0.29%     -    0s
     0     0 3.3824e+08    0   31 3.3894e+08 3.3824e+08  0.21%     -    0s
     0     0 3.3848e+08    0   30 3.3894e+08 3.3848e+08  0.14%     -    0s
     0     0 3.3848e+08    0   11 3.3894e+08 3.3848e+08  0.14%     -    0s
     0     0 3.3848e+08    0   26 3.3894e+08 3.3848e+08  0.14%     -    0s
     0     0 3.3848e+08    0   28 3.3894e+08 3.3848e+08  0.14%     -    0s
     0     0 3.3848e+08    0   31 3.3894e+08 3.3848e+08  0.14%     -    0s
     0     0 3.3853e+08    0   30 3.3894e+08 3.3853e+08  0.12%     -    0s
     0     0 3.3870e+08    0   32 3.3894e+08 3.3870e+08  0.07%     -    0s
     0     0 3.3876e+08    0   31 3.3894e+08 3.3876e+08  0.05%     -    0s
     0     0 3.3886e+08    0   29 3.3894e+08 3.3886e+08  0.02%     -    0s
     0     0 3.3886e+08    0   10 3.3894e+08 3.3886e+08  0.02%     -    0s
     0     0 3.3886e+08    0   19 3.3894e+08 3.3886e+08  0.02%     -    0s
     0     0 3.3886e+08    0   28 3.3894e+08 3.3886e+08  0.02%     -    0s
     0     0 3.3886e+08    0   34 3.3894e+08 3.3886e+08  0.02%     -    0s
     0     0 3.3886e+08    0   30 3.3894e+08 3.3886e+08  0.02%     -    0s
     0     0 3.3886e+08    0   26 3.3894e+08 3.3886e+08  0.02%     -    0s
     0     0 3.3889e+08    0   23 3.3894e+08 3.3889e+08  0.02%     -    0s
     0     0 3.3890e+08    0   29 3.3894e+08 3.3890e+08  0.01%     -    0s
     0     0 3.3890e+08    0   10 3.3894e+08 3.3890e+08  0.01%     -    0s
     0     0 3.3890e+08    0   14 3.3894e+08 3.3890e+08  0.01%     -    0s
     0     0 3.3890e+08    0   20 3.3894e+08 3.3890e+08  0.01%     -    0s
     0     0 3.3890e+08    0   22 3.3894e+08 3.3890e+08  0.01%     -    0s
     0     0 3.3890e+08    0   17 3.3894e+08 3.3890e+08  0.01%     -    0s
     0     0 3.3890e+08    0   21 3.3894e+08 3.3890e+08  0.01%     -    0s
     0     0 3.3890e+08    0   19 3.3894e+08 3.3890e+08  0.01%     -    0s
     0     0 3.3890e+08    0   28 3.3894e+08 3.3890e+08  0.01%     -    0s
     0     0 3.3891e+08    0   23 3.3894e+08 3.3891e+08  0.01%     -    0s
     0     0 3.3892e+08    0    8 3.3894e+08 3.3892e+08  0.01%     -    0s
H    0     0                    3.389387e+08 3.3892e+08  0.01%     -    0s
     0     0     cutoff    0      3.3894e+08 3.3894e+08  0.00%     -    0s

Cutting planes:
  Gomory: 1
  Cover: 16
  MIR: 5

Explored 0 nodes (749 simplex iterations) in 0.18 seconds
Thread count was 2 (of 2 available processors)

Solution count 4: 3.38939e+08 3.38944e+08 3.41806e+08 5.09059e+08 
Pool objective bound 3.38939e+08

Optimal solution found (tolerance 0.00e+00)
Best objective 3.389387060000e+08, best bound 3.389387060000e+08, gap 0.0000%
